INFO:2016-02-10 18:34:11	[Errno 17] File exists: '/local/share/ic_twitter/scripts/collect/logs/2016-02-10'
DEBUG:2016-02-10 18:34:11	Set up logs successfully
DEBUG:2016-02-10 18:34:11	Set up config file successfully
DEBUG:2016-02-10 18:34:11	Set up PID file successfully
DEBUG:2016-02-10 18:34:11	Twitter stream set up and authorized
WARNING:2016-02-10 18:34:11	[Errno 2] No such file or directory: 'config/native_tags.json'
INFO:2016-02-10 18:36:51	[Errno 17] File exists: '/local/share/ic_twitter/scripts/collect/logs/2016-02-10'
DEBUG:2016-02-10 18:36:51	Set up logs successfully
DEBUG:2016-02-10 18:36:51	Set up config file successfully
DEBUG:2016-02-10 18:36:51	Set up PID file successfully
DEBUG:2016-02-10 18:36:51	Twitter stream set up and authorized
DEBUG:Signing request <PreparedRequest [POST]> using client <Client nonce=None, signature_method=HMAC-SHA1, realm=None, encoding=utf-8, timestamp=None, resource_owner_secret=****, decoding=None, verifier=None, signature_type=AUTH_HEADER, rsa_key=None, resource_owner_key=2288788914-LuLu8BgVR5HPUXDJyQlOtRnphKNPDWLfl2txoBt, client_secret=****, callback_uri=None, client_key=nznSZHS0e5VrIBNBct5BYGl8l>
DEBUG:Including body in call to sign: True
DEBUG:Collected params: [(u'delimited', u'length'), (u'oauth_nonce', u'172974919873601148401455158211'), (u'oauth_timestamp', u'1455158211'), (u'oauth_consumer_key', u'nznSZHS0e5VrIBNBct5BYGl8l'), (u'oauth_signature_method', u'HMAC-SHA1'), (u'oauth_version', u'1.0'), (u'oauth_token', u'2288788914-LuLu8BgVR5HPUXDJyQlOtRnphKNPDWLfl2txoBt'), (u'track', u'NativeVote16,NativeVote,NativeVotesCount,NativeVoices,GOTNV,Honorthetreaties,NativeLivesMatter,NativesforBernie,NotYourMascot,MMIW,Appropriation,idlenomore,nlm,nativelivesmatter,blm,blacklivesmatter,notyourmascot,notamascot,notacostume,eonm,saveoakflat,protectoakflat,dearnonnatives,changethemascot,changethename,turtleisland,indigenous,Native,NDN,Colonialism,decolonize,indigenize,dine,IndianCountry,ihs,indianhealthservices,greatplains,nativehealth,flyingwhilebrown,freeleonardpeltier,drivingwhilebrown,nohonor,nohonorinracism,nativeyouth,nativevote,apachestronghold')]
DEBUG:Normalized params: delimited=length&oauth_consumer_key=nznSZHS0e5VrIBNBct5BYGl8l&oauth_nonce=172974919873601148401455158211&oauth_signature_method=HMAC-SHA1&oauth_timestamp=1455158211&oauth_token=2288788914-LuLu8BgVR5HPUXDJyQlOtRnphKNPDWLfl2txoBt&oauth_version=1.0&track=NativeVote16%2CNativeVote%2CNativeVotesCount%2CNativeVoices%2CGOTNV%2CHonorthetreaties%2CNativeLivesMatter%2CNativesforBernie%2CNotYourMascot%2CMMIW%2CAppropriation%2Cidlenomore%2Cnlm%2Cnativelivesmatter%2Cblm%2Cblacklivesmatter%2Cnotyourmascot%2Cnotamascot%2Cnotacostume%2Ceonm%2Csaveoakflat%2Cprotectoakflat%2Cdearnonnatives%2Cchangethemascot%2Cchangethename%2Cturtleisland%2Cindigenous%2CNative%2CNDN%2CColonialism%2Cdecolonize%2Cindigenize%2Cdine%2CIndianCountry%2Cihs%2Cindianhealthservices%2Cgreatplains%2Cnativehealth%2Cflyingwhilebrown%2Cfreeleonardpeltier%2Cdrivingwhilebrown%2Cnohonor%2Cnohonorinracism%2Cnativeyouth%2Cnativevote%2Capachestronghold
DEBUG:Normalized URI: https://stream.twitter.com/1.1/statuses/filter.json
DEBUG:Base signing string: POST&https%3A%2F%2Fstream.twitter.com%2F1.1%2Fstatuses%2Ffilter.json&delimited%3Dlength%26oauth_consumer_key%3DnznSZHS0e5VrIBNBct5BYGl8l%26oauth_nonce%3D172974919873601148401455158211%26oauth_signature_method%3DHMAC-SHA1%26oauth_timestamp%3D1455158211%26oauth_token%3D2288788914-LuLu8BgVR5HPUXDJyQlOtRnphKNPDWLfl2txoBt%26oauth_version%3D1.0%26track%3DNativeVote16%252CNativeVote%252CNativeVotesCount%252CNativeVoices%252CGOTNV%252CHonorthetreaties%252CNativeLivesMatter%252CNativesforBernie%252CNotYourMascot%252CMMIW%252CAppropriation%252Cidlenomore%252Cnlm%252Cnativelivesmatter%252Cblm%252Cblacklivesmatter%252Cnotyourmascot%252Cnotamascot%252Cnotacostume%252Ceonm%252Csaveoakflat%252Cprotectoakflat%252Cdearnonnatives%252Cchangethemascot%252Cchangethename%252Cturtleisland%252Cindigenous%252CNative%252CNDN%252CColonialism%252Cdecolonize%252Cindigenize%252Cdine%252CIndianCountry%252Cihs%252Cindianhealthservices%252Cgreatplains%252Cnativehealth%252Cflyingwhilebrown%252Cfreeleonardpeltier%252Cdrivingwhilebrown%252Cnohonor%252Cnohonorinracism%252Cnativeyouth%252Cnativevote%252Capachestronghold
DEBUG:Signature: WGgBXpozKaZ6IFWRpH6Xg+oIogk=
DEBUG:Updated url: https://stream.twitter.com/1.1/statuses/filter.json?delimited=length
DEBUG:Updated headers: {u'Content-Length': u'664', u'Content-Type': u'application/x-www-form-urlencoded', u'Authorization': u'OAuth oauth_nonce="172974919873601148401455158211", oauth_timestamp="1455158211", oauth_version="1.0", oauth_signature_method="HMAC-SHA1", oauth_consumer_key="nznSZHS0e5VrIBNBct5BYGl8l", oauth_token="2288788914-LuLu8BgVR5HPUXDJyQlOtRnphKNPDWLfl2txoBt", oauth_signature="WGgBXpozKaZ6IFWRpH6Xg%2BoIogk%3D"'}
DEBUG:Updated body: u'track=NativeVote16%2CNativeVote%2CNativeVotesCount%2CNativeVoices%2CGOTNV%2CHonorthetreaties%2CNativeLivesMatter%2CNativesforBernie%2CNotYourMascot%2CMMIW%2CAppropriation%2Cidlenomore%2Cnlm%2Cnativelivesmatter%2Cblm%2Cblacklivesmatter%2Cnotyourmascot%2Cnotamascot%2Cnotacostume%2Ceonm%2Csaveoakflat%2Cprotectoakflat%2Cdearnonnatives%2Cchangethemascot%2Cchangethename%2Cturtleisland%2Cindigenous%2CNative%2CNDN%2CColonialism%2Cdecolonize%2Cindigenize%2Cdine%2CIndianCountry%2Cihs%2Cindianhealthservices%2Cgreatplains%2Cnativehealth%2Cflyingwhilebrown%2Cfreeleonardpeltier%2Cdrivingwhilebrown%2Cnohonor%2Cnohonorinracism%2Cnativeyouth%2Cnativevote%2Capachestronghold'
INFO:Starting new HTTPS connection (1): stream.twitter.com
DEBUG:"POST /1.1/statuses/filter.json?delimited=length HTTP/1.1" 200 None
INFO:2016-02-10 18:52:14	[Errno 17] File exists: '/local/share/ic_twitter/scripts/collect/logs/2016-02-10'
DEBUG:2016-02-10 18:52:14	Set up logs successfully
DEBUG:2016-02-10 18:52:14	Set up config file successfully
DEBUG:2016-02-10 18:52:14	Set up PID file successfully
DEBUG:2016-02-10 18:52:14	Twitter stream set up and authorized
DEBUG:Signing request <PreparedRequest [POST]> using client <Client nonce=None, signature_method=HMAC-SHA1, realm=None, encoding=utf-8, timestamp=None, resource_owner_secret=****, decoding=None, verifier=None, signature_type=AUTH_HEADER, rsa_key=None, resource_owner_key=2288788914-LuLu8BgVR5HPUXDJyQlOtRnphKNPDWLfl2txoBt, client_secret=****, callback_uri=None, client_key=nznSZHS0e5VrIBNBct5BYGl8l>
DEBUG:Including body in call to sign: True
DEBUG:Collected params: [(u'delimited', u'length'), (u'oauth_nonce', u'29927133797428705151455159134'), (u'oauth_timestamp', u'1455159134'), (u'oauth_consumer_key', u'nznSZHS0e5VrIBNBct5BYGl8l'), (u'oauth_signature_method', u'HMAC-SHA1'), (u'oauth_version', u'1.0'), (u'oauth_token', u'2288788914-LuLu8BgVR5HPUXDJyQlOtRnphKNPDWLfl2txoBt'), (u'track', u'NativeVote16,NativeVote,NativeVotesCount,NativeVoices,GOTNV,Honorthetreaties,NativeLivesMatter,NativesforBernie,NotYourMascot,MMIW,Appropriation,idlenomore,nlm,nativelivesmatter,blm,blacklivesmatter,notyourmascot,notamascot,notacostume,eonm,saveoakflat,protectoakflat,dearnonnatives,changethemascot,changethename,turtleisland,indigenous,Native,NDN,Colonialism,decolonize,indigenize,dine,IndianCountry,ihs,indianhealthservices,greatplains,nativehealth,flyingwhilebrown,freeleonardpeltier,drivingwhilebrown,nohonor,nohonorinracism,nativeyouth,nativevote,apachestronghold')]
DEBUG:Normalized params: delimited=length&oauth_consumer_key=nznSZHS0e5VrIBNBct5BYGl8l&oauth_nonce=29927133797428705151455159134&oauth_signature_method=HMAC-SHA1&oauth_timestamp=1455159134&oauth_token=2288788914-LuLu8BgVR5HPUXDJyQlOtRnphKNPDWLfl2txoBt&oauth_version=1.0&track=NativeVote16%2CNativeVote%2CNativeVotesCount%2CNativeVoices%2CGOTNV%2CHonorthetreaties%2CNativeLivesMatter%2CNativesforBernie%2CNotYourMascot%2CMMIW%2CAppropriation%2Cidlenomore%2Cnlm%2Cnativelivesmatter%2Cblm%2Cblacklivesmatter%2Cnotyourmascot%2Cnotamascot%2Cnotacostume%2Ceonm%2Csaveoakflat%2Cprotectoakflat%2Cdearnonnatives%2Cchangethemascot%2Cchangethename%2Cturtleisland%2Cindigenous%2CNative%2CNDN%2CColonialism%2Cdecolonize%2Cindigenize%2Cdine%2CIndianCountry%2Cihs%2Cindianhealthservices%2Cgreatplains%2Cnativehealth%2Cflyingwhilebrown%2Cfreeleonardpeltier%2Cdrivingwhilebrown%2Cnohonor%2Cnohonorinracism%2Cnativeyouth%2Cnativevote%2Capachestronghold
DEBUG:Normalized URI: https://stream.twitter.com/1.1/statuses/filter.json
DEBUG:Base signing string: POST&https%3A%2F%2Fstream.twitter.com%2F1.1%2Fstatuses%2Ffilter.json&delimited%3Dlength%26oauth_consumer_key%3DnznSZHS0e5VrIBNBct5BYGl8l%26oauth_nonce%3D29927133797428705151455159134%26oauth_signature_method%3DHMAC-SHA1%26oauth_timestamp%3D1455159134%26oauth_token%3D2288788914-LuLu8BgVR5HPUXDJyQlOtRnphKNPDWLfl2txoBt%26oauth_version%3D1.0%26track%3DNativeVote16%252CNativeVote%252CNativeVotesCount%252CNativeVoices%252CGOTNV%252CHonorthetreaties%252CNativeLivesMatter%252CNativesforBernie%252CNotYourMascot%252CMMIW%252CAppropriation%252Cidlenomore%252Cnlm%252Cnativelivesmatter%252Cblm%252Cblacklivesmatter%252Cnotyourmascot%252Cnotamascot%252Cnotacostume%252Ceonm%252Csaveoakflat%252Cprotectoakflat%252Cdearnonnatives%252Cchangethemascot%252Cchangethename%252Cturtleisland%252Cindigenous%252CNative%252CNDN%252CColonialism%252Cdecolonize%252Cindigenize%252Cdine%252CIndianCountry%252Cihs%252Cindianhealthservices%252Cgreatplains%252Cnativehealth%252Cflyingwhilebrown%252Cfreeleonardpeltier%252Cdrivingwhilebrown%252Cnohonor%252Cnohonorinracism%252Cnativeyouth%252Cnativevote%252Capachestronghold
DEBUG:Signature: m0sgUXgH4A93iPkXm0S8htm1EcY=
DEBUG:Updated url: https://stream.twitter.com/1.1/statuses/filter.json?delimited=length
DEBUG:Updated headers: {u'Content-Length': u'664', u'Content-Type': u'application/x-www-form-urlencoded', u'Authorization': u'OAuth oauth_nonce="29927133797428705151455159134", oauth_timestamp="1455159134", oauth_version="1.0", oauth_signature_method="HMAC-SHA1", oauth_consumer_key="nznSZHS0e5VrIBNBct5BYGl8l", oauth_token="2288788914-LuLu8BgVR5HPUXDJyQlOtRnphKNPDWLfl2txoBt", oauth_signature="m0sgUXgH4A93iPkXm0S8htm1EcY%3D"'}
DEBUG:Updated body: u'track=NativeVote16%2CNativeVote%2CNativeVotesCount%2CNativeVoices%2CGOTNV%2CHonorthetreaties%2CNativeLivesMatter%2CNativesforBernie%2CNotYourMascot%2CMMIW%2CAppropriation%2Cidlenomore%2Cnlm%2Cnativelivesmatter%2Cblm%2Cblacklivesmatter%2Cnotyourmascot%2Cnotamascot%2Cnotacostume%2Ceonm%2Csaveoakflat%2Cprotectoakflat%2Cdearnonnatives%2Cchangethemascot%2Cchangethename%2Cturtleisland%2Cindigenous%2CNative%2CNDN%2CColonialism%2Cdecolonize%2Cindigenize%2Cdine%2CIndianCountry%2Cihs%2Cindianhealthservices%2Cgreatplains%2Cnativehealth%2Cflyingwhilebrown%2Cfreeleonardpeltier%2Cdrivingwhilebrown%2Cnohonor%2Cnohonorinracism%2Cnativeyouth%2Cnativevote%2Capachestronghold'
INFO:Starting new HTTPS connection (1): stream.twitter.com
DEBUG:"POST /1.1/statuses/filter.json?delimited=length HTTP/1.1" 200 None
INFO:2016-02-10 19:14:08	[Errno 17] File exists: '/local/share/ic_twitter/scripts/collect/logs/2016-02-10'
DEBUG:2016-02-10 19:14:08	Set up logs successfully
DEBUG:2016-02-10 19:14:08	Set up config file successfully
DEBUG:2016-02-10 19:14:08	Set up PID file successfully
DEBUG:2016-02-10 19:14:08	Twitter stream set up and authorized
DEBUG:Signing request <PreparedRequest [POST]> using client <Client nonce=None, signature_method=HMAC-SHA1, realm=None, encoding=utf-8, timestamp=None, resource_owner_secret=****, decoding=None, verifier=None, signature_type=AUTH_HEADER, rsa_key=None, resource_owner_key=2288788914-LuLu8BgVR5HPUXDJyQlOtRnphKNPDWLfl2txoBt, client_secret=****, callback_uri=None, client_key=nznSZHS0e5VrIBNBct5BYGl8l>
DEBUG:Including body in call to sign: True
DEBUG:Collected params: [(u'delimited', u'length'), (u'oauth_nonce', u'149674905610498534291455160448'), (u'oauth_timestamp', u'1455160448'), (u'oauth_consumer_key', u'nznSZHS0e5VrIBNBct5BYGl8l'), (u'oauth_signature_method', u'HMAC-SHA1'), (u'oauth_version', u'1.0'), (u'oauth_token', u'2288788914-LuLu8BgVR5HPUXDJyQlOtRnphKNPDWLfl2txoBt'), (u'track', u'NativeVote16,NativeVote,NativeVotesCount,NativeVoices,GOTNV,Honorthetreaties,NativeLivesMatter,NativesforBernie,NotYourMascot,MMIW,Appropriation,idlenomore,nlm,nativelivesmatter,blm,blacklivesmatter,notyourmascot,notamascot,notacostume,eonm,saveoakflat,protectoakflat,dearnonnatives,changethemascot,changethename,turtleisland,indigenous,Native,NDN,Colonialism,decolonize,indigenize,dine,IndianCountry,ihs,indianhealthservices,greatplains,nativehealth,flyingwhilebrown,freeleonardpeltier,drivingwhilebrown,nohonor,nohonorinracism,nativeyouth,nativevote,apachestronghold')]
DEBUG:Normalized params: delimited=length&oauth_consumer_key=nznSZHS0e5VrIBNBct5BYGl8l&oauth_nonce=149674905610498534291455160448&oauth_signature_method=HMAC-SHA1&oauth_timestamp=1455160448&oauth_token=2288788914-LuLu8BgVR5HPUXDJyQlOtRnphKNPDWLfl2txoBt&oauth_version=1.0&track=NativeVote16%2CNativeVote%2CNativeVotesCount%2CNativeVoices%2CGOTNV%2CHonorthetreaties%2CNativeLivesMatter%2CNativesforBernie%2CNotYourMascot%2CMMIW%2CAppropriation%2Cidlenomore%2Cnlm%2Cnativelivesmatter%2Cblm%2Cblacklivesmatter%2Cnotyourmascot%2Cnotamascot%2Cnotacostume%2Ceonm%2Csaveoakflat%2Cprotectoakflat%2Cdearnonnatives%2Cchangethemascot%2Cchangethename%2Cturtleisland%2Cindigenous%2CNative%2CNDN%2CColonialism%2Cdecolonize%2Cindigenize%2Cdine%2CIndianCountry%2Cihs%2Cindianhealthservices%2Cgreatplains%2Cnativehealth%2Cflyingwhilebrown%2Cfreeleonardpeltier%2Cdrivingwhilebrown%2Cnohonor%2Cnohonorinracism%2Cnativeyouth%2Cnativevote%2Capachestronghold
DEBUG:Normalized URI: https://stream.twitter.com/1.1/statuses/filter.json
DEBUG:Base signing string: POST&https%3A%2F%2Fstream.twitter.com%2F1.1%2Fstatuses%2Ffilter.json&delimited%3Dlength%26oauth_consumer_key%3DnznSZHS0e5VrIBNBct5BYGl8l%26oauth_nonce%3D149674905610498534291455160448%26oauth_signature_method%3DHMAC-SHA1%26oauth_timestamp%3D1455160448%26oauth_token%3D2288788914-LuLu8BgVR5HPUXDJyQlOtRnphKNPDWLfl2txoBt%26oauth_version%3D1.0%26track%3DNativeVote16%252CNativeVote%252CNativeVotesCount%252CNativeVoices%252CGOTNV%252CHonorthetreaties%252CNativeLivesMatter%252CNativesforBernie%252CNotYourMascot%252CMMIW%252CAppropriation%252Cidlenomore%252Cnlm%252Cnativelivesmatter%252Cblm%252Cblacklivesmatter%252Cnotyourmascot%252Cnotamascot%252Cnotacostume%252Ceonm%252Csaveoakflat%252Cprotectoakflat%252Cdearnonnatives%252Cchangethemascot%252Cchangethename%252Cturtleisland%252Cindigenous%252CNative%252CNDN%252CColonialism%252Cdecolonize%252Cindigenize%252Cdine%252CIndianCountry%252Cihs%252Cindianhealthservices%252Cgreatplains%252Cnativehealth%252Cflyingwhilebrown%252Cfreeleonardpeltier%252Cdrivingwhilebrown%252Cnohonor%252Cnohonorinracism%252Cnativeyouth%252Cnativevote%252Capachestronghold
DEBUG:Signature: yti9QpZ4NkGK+j8ZB8p97kMOt3w=
DEBUG:Updated url: https://stream.twitter.com/1.1/statuses/filter.json?delimited=length
DEBUG:Updated headers: {u'Content-Length': u'664', u'Content-Type': u'application/x-www-form-urlencoded', u'Authorization': u'OAuth oauth_nonce="149674905610498534291455160448", oauth_timestamp="1455160448", oauth_version="1.0", oauth_signature_method="HMAC-SHA1", oauth_consumer_key="nznSZHS0e5VrIBNBct5BYGl8l", oauth_token="2288788914-LuLu8BgVR5HPUXDJyQlOtRnphKNPDWLfl2txoBt", oauth_signature="yti9QpZ4NkGK%2Bj8ZB8p97kMOt3w%3D"'}
DEBUG:Updated body: u'track=NativeVote16%2CNativeVote%2CNativeVotesCount%2CNativeVoices%2CGOTNV%2CHonorthetreaties%2CNativeLivesMatter%2CNativesforBernie%2CNotYourMascot%2CMMIW%2CAppropriation%2Cidlenomore%2Cnlm%2Cnativelivesmatter%2Cblm%2Cblacklivesmatter%2Cnotyourmascot%2Cnotamascot%2Cnotacostume%2Ceonm%2Csaveoakflat%2Cprotectoakflat%2Cdearnonnatives%2Cchangethemascot%2Cchangethename%2Cturtleisland%2Cindigenous%2CNative%2CNDN%2CColonialism%2Cdecolonize%2Cindigenize%2Cdine%2CIndianCountry%2Cihs%2Cindianhealthservices%2Cgreatplains%2Cnativehealth%2Cflyingwhilebrown%2Cfreeleonardpeltier%2Cdrivingwhilebrown%2Cnohonor%2Cnohonorinracism%2Cnativeyouth%2Cnativevote%2Capachestronghold'
INFO:Starting new HTTPS connection (1): stream.twitter.com
DEBUG:"POST /1.1/statuses/filter.json?delimited=length HTTP/1.1" 200 None
INFO:2016-02-10 19:14:38	[Errno 17] File exists: '/local/share/ic_twitter/scripts/collect/logs/2016-02-10'
DEBUG:2016-02-10 19:14:38	Set up logs successfully
DEBUG:2016-02-10 19:14:38	Set up config file successfully
DEBUG:2016-02-10 19:14:38	Set up PID file successfully
DEBUG:2016-02-10 19:14:38	Twitter stream set up and authorized
DEBUG:Signing request <PreparedRequest [POST]> using client <Client nonce=None, signature_method=HMAC-SHA1, realm=None, encoding=utf-8, timestamp=None, resource_owner_secret=****, decoding=None, verifier=None, signature_type=AUTH_HEADER, rsa_key=None, resource_owner_key=2288788914-LuLu8BgVR5HPUXDJyQlOtRnphKNPDWLfl2txoBt, client_secret=****, callback_uri=None, client_key=nznSZHS0e5VrIBNBct5BYGl8l>
DEBUG:Including body in call to sign: True
DEBUG:Collected params: [(u'delimited', u'length'), (u'oauth_nonce', u'180612400592819930891455160478'), (u'oauth_timestamp', u'1455160478'), (u'oauth_consumer_key', u'nznSZHS0e5VrIBNBct5BYGl8l'), (u'oauth_signature_method', u'HMAC-SHA1'), (u'oauth_version', u'1.0'), (u'oauth_token', u'2288788914-LuLu8BgVR5HPUXDJyQlOtRnphKNPDWLfl2txoBt'), (u'track', u'NativeVote16,NativeVote,NativeVotesCount,NativeVoices,GOTNV,Honorthetreaties,NativeLivesMatter,NativesforBernie,NotYourMascot,MMIW,Appropriation,idlenomore,nlm,nativelivesmatter,blm,blacklivesmatter,notyourmascot,notamascot,notacostume,eonm,saveoakflat,protectoakflat,dearnonnatives,changethemascot,changethename,turtleisland,indigenous,Native,NDN,Colonialism,decolonize,indigenize,dine,IndianCountry,ihs,indianhealthservices,greatplains,nativehealth,flyingwhilebrown,freeleonardpeltier,drivingwhilebrown,nohonor,nohonorinracism,nativeyouth,nativevote,apachestronghold')]
DEBUG:Normalized params: delimited=length&oauth_consumer_key=nznSZHS0e5VrIBNBct5BYGl8l&oauth_nonce=180612400592819930891455160478&oauth_signature_method=HMAC-SHA1&oauth_timestamp=1455160478&oauth_token=2288788914-LuLu8BgVR5HPUXDJyQlOtRnphKNPDWLfl2txoBt&oauth_version=1.0&track=NativeVote16%2CNativeVote%2CNativeVotesCount%2CNativeVoices%2CGOTNV%2CHonorthetreaties%2CNativeLivesMatter%2CNativesforBernie%2CNotYourMascot%2CMMIW%2CAppropriation%2Cidlenomore%2Cnlm%2Cnativelivesmatter%2Cblm%2Cblacklivesmatter%2Cnotyourmascot%2Cnotamascot%2Cnotacostume%2Ceonm%2Csaveoakflat%2Cprotectoakflat%2Cdearnonnatives%2Cchangethemascot%2Cchangethename%2Cturtleisland%2Cindigenous%2CNative%2CNDN%2CColonialism%2Cdecolonize%2Cindigenize%2Cdine%2CIndianCountry%2Cihs%2Cindianhealthservices%2Cgreatplains%2Cnativehealth%2Cflyingwhilebrown%2Cfreeleonardpeltier%2Cdrivingwhilebrown%2Cnohonor%2Cnohonorinracism%2Cnativeyouth%2Cnativevote%2Capachestronghold
DEBUG:Normalized URI: https://stream.twitter.com/1.1/statuses/filter.json
DEBUG:Base signing string: POST&https%3A%2F%2Fstream.twitter.com%2F1.1%2Fstatuses%2Ffilter.json&delimited%3Dlength%26oauth_consumer_key%3DnznSZHS0e5VrIBNBct5BYGl8l%26oauth_nonce%3D180612400592819930891455160478%26oauth_signature_method%3DHMAC-SHA1%26oauth_timestamp%3D1455160478%26oauth_token%3D2288788914-LuLu8BgVR5HPUXDJyQlOtRnphKNPDWLfl2txoBt%26oauth_version%3D1.0%26track%3DNativeVote16%252CNativeVote%252CNativeVotesCount%252CNativeVoices%252CGOTNV%252CHonorthetreaties%252CNativeLivesMatter%252CNativesforBernie%252CNotYourMascot%252CMMIW%252CAppropriation%252Cidlenomore%252Cnlm%252Cnativelivesmatter%252Cblm%252Cblacklivesmatter%252Cnotyourmascot%252Cnotamascot%252Cnotacostume%252Ceonm%252Csaveoakflat%252Cprotectoakflat%252Cdearnonnatives%252Cchangethemascot%252Cchangethename%252Cturtleisland%252Cindigenous%252CNative%252CNDN%252CColonialism%252Cdecolonize%252Cindigenize%252Cdine%252CIndianCountry%252Cihs%252Cindianhealthservices%252Cgreatplains%252Cnativehealth%252Cflyingwhilebrown%252Cfreeleonardpeltier%252Cdrivingwhilebrown%252Cnohonor%252Cnohonorinracism%252Cnativeyouth%252Cnativevote%252Capachestronghold
DEBUG:Signature: LjZV0YlCCBkxWQzgL5i9QDhjTes=
DEBUG:Updated url: https://stream.twitter.com/1.1/statuses/filter.json?delimited=length
DEBUG:Updated headers: {u'Content-Length': u'664', u'Content-Type': u'application/x-www-form-urlencoded', u'Authorization': u'OAuth oauth_nonce="180612400592819930891455160478", oauth_timestamp="1455160478", oauth_version="1.0", oauth_signature_method="HMAC-SHA1", oauth_consumer_key="nznSZHS0e5VrIBNBct5BYGl8l", oauth_token="2288788914-LuLu8BgVR5HPUXDJyQlOtRnphKNPDWLfl2txoBt", oauth_signature="LjZV0YlCCBkxWQzgL5i9QDhjTes%3D"'}
DEBUG:Updated body: u'track=NativeVote16%2CNativeVote%2CNativeVotesCount%2CNativeVoices%2CGOTNV%2CHonorthetreaties%2CNativeLivesMatter%2CNativesforBernie%2CNotYourMascot%2CMMIW%2CAppropriation%2Cidlenomore%2Cnlm%2Cnativelivesmatter%2Cblm%2Cblacklivesmatter%2Cnotyourmascot%2Cnotamascot%2Cnotacostume%2Ceonm%2Csaveoakflat%2Cprotectoakflat%2Cdearnonnatives%2Cchangethemascot%2Cchangethename%2Cturtleisland%2Cindigenous%2CNative%2CNDN%2CColonialism%2Cdecolonize%2Cindigenize%2Cdine%2CIndianCountry%2Cihs%2Cindianhealthservices%2Cgreatplains%2Cnativehealth%2Cflyingwhilebrown%2Cfreeleonardpeltier%2Cdrivingwhilebrown%2Cnohonor%2Cnohonorinracism%2Cnativeyouth%2Cnativevote%2Capachestronghold'
INFO:Starting new HTTPS connection (1): stream.twitter.com
DEBUG:"POST /1.1/statuses/filter.json?delimited=length HTTP/1.1" 200 None
INFO:2016-02-10 19:30:05	[Errno 17] File exists: '/local/share/ic_twitter/scripts/collect/logs/2016-02-10'
DEBUG:2016-02-10 19:30:05	Set up logs successfully
DEBUG:2016-02-10 19:30:05	Set up config file successfully
DEBUG:2016-02-10 19:30:05	Set up PID file successfully
DEBUG:2016-02-10 19:30:05	Twitter stream set up and authorized
DEBUG:Signing request <PreparedRequest [POST]> using client <Client nonce=None, signature_method=HMAC-SHA1, realm=None, encoding=utf-8, timestamp=None, resource_owner_secret=****, decoding=None, verifier=None, signature_type=AUTH_HEADER, rsa_key=None, resource_owner_key=2288788914-LuLu8BgVR5HPUXDJyQlOtRnphKNPDWLfl2txoBt, client_secret=****, callback_uri=None, client_key=nznSZHS0e5VrIBNBct5BYGl8l>
DEBUG:Including body in call to sign: True
DEBUG:Collected params: [(u'delimited', u'length'), (u'oauth_nonce', u'178846790913077074871455161405'), (u'oauth_timestamp', u'1455161405'), (u'oauth_consumer_key', u'nznSZHS0e5VrIBNBct5BYGl8l'), (u'oauth_signature_method', u'HMAC-SHA1'), (u'oauth_version', u'1.0'), (u'oauth_token', u'2288788914-LuLu8BgVR5HPUXDJyQlOtRnphKNPDWLfl2txoBt'), (u'track', u'NativeVote16,NativeVote,NativeVotesCount,NativeVoices,GOTNV,Honorthetreaties,NativeLivesMatter,NativesforBernie,NotYourMascot,MMIW,Appropriation,idlenomore,nlm,nativelivesmatter,blm,blacklivesmatter,notyourmascot,notamascot,notacostume,eonm,saveoakflat,protectoakflat,dearnonnatives,changethemascot,changethename,turtleisland,indigenous,Native,NDN,Colonialism,decolonize,indigenize,dine,IndianCountry,ihs,indianhealthservices,greatplains,nativehealth,flyingwhilebrown,freeleonardpeltier,drivingwhilebrown,nohonor,nohonorinracism,nativeyouth,nativevote,apachestronghold')]
DEBUG:Normalized params: delimited=length&oauth_consumer_key=nznSZHS0e5VrIBNBct5BYGl8l&oauth_nonce=178846790913077074871455161405&oauth_signature_method=HMAC-SHA1&oauth_timestamp=1455161405&oauth_token=2288788914-LuLu8BgVR5HPUXDJyQlOtRnphKNPDWLfl2txoBt&oauth_version=1.0&track=NativeVote16%2CNativeVote%2CNativeVotesCount%2CNativeVoices%2CGOTNV%2CHonorthetreaties%2CNativeLivesMatter%2CNativesforBernie%2CNotYourMascot%2CMMIW%2CAppropriation%2Cidlenomore%2Cnlm%2Cnativelivesmatter%2Cblm%2Cblacklivesmatter%2Cnotyourmascot%2Cnotamascot%2Cnotacostume%2Ceonm%2Csaveoakflat%2Cprotectoakflat%2Cdearnonnatives%2Cchangethemascot%2Cchangethename%2Cturtleisland%2Cindigenous%2CNative%2CNDN%2CColonialism%2Cdecolonize%2Cindigenize%2Cdine%2CIndianCountry%2Cihs%2Cindianhealthservices%2Cgreatplains%2Cnativehealth%2Cflyingwhilebrown%2Cfreeleonardpeltier%2Cdrivingwhilebrown%2Cnohonor%2Cnohonorinracism%2Cnativeyouth%2Cnativevote%2Capachestronghold
DEBUG:Normalized URI: https://stream.twitter.com/1.1/statuses/filter.json
DEBUG:Base signing string: POST&https%3A%2F%2Fstream.twitter.com%2F1.1%2Fstatuses%2Ffilter.json&delimited%3Dlength%26oauth_consumer_key%3DnznSZHS0e5VrIBNBct5BYGl8l%26oauth_nonce%3D178846790913077074871455161405%26oauth_signature_method%3DHMAC-SHA1%26oauth_timestamp%3D1455161405%26oauth_token%3D2288788914-LuLu8BgVR5HPUXDJyQlOtRnphKNPDWLfl2txoBt%26oauth_version%3D1.0%26track%3DNativeVote16%252CNativeVote%252CNativeVotesCount%252CNativeVoices%252CGOTNV%252CHonorthetreaties%252CNativeLivesMatter%252CNativesforBernie%252CNotYourMascot%252CMMIW%252CAppropriation%252Cidlenomore%252Cnlm%252Cnativelivesmatter%252Cblm%252Cblacklivesmatter%252Cnotyourmascot%252Cnotamascot%252Cnotacostume%252Ceonm%252Csaveoakflat%252Cprotectoakflat%252Cdearnonnatives%252Cchangethemascot%252Cchangethename%252Cturtleisland%252Cindigenous%252CNative%252CNDN%252CColonialism%252Cdecolonize%252Cindigenize%252Cdine%252CIndianCountry%252Cihs%252Cindianhealthservices%252Cgreatplains%252Cnativehealth%252Cflyingwhilebrown%252Cfreeleonardpeltier%252Cdrivingwhilebrown%252Cnohonor%252Cnohonorinracism%252Cnativeyouth%252Cnativevote%252Capachestronghold
DEBUG:Signature: 7LWDVazbsITejSpojbM5oxkO28k=
DEBUG:Updated url: https://stream.twitter.com/1.1/statuses/filter.json?delimited=length
DEBUG:Updated headers: {u'Content-Length': u'664', u'Content-Type': u'application/x-www-form-urlencoded', u'Authorization': u'OAuth oauth_nonce="178846790913077074871455161405", oauth_timestamp="1455161405", oauth_version="1.0", oauth_signature_method="HMAC-SHA1", oauth_consumer_key="nznSZHS0e5VrIBNBct5BYGl8l", oauth_token="2288788914-LuLu8BgVR5HPUXDJyQlOtRnphKNPDWLfl2txoBt", oauth_signature="7LWDVazbsITejSpojbM5oxkO28k%3D"'}
DEBUG:Updated body: u'track=NativeVote16%2CNativeVote%2CNativeVotesCount%2CNativeVoices%2CGOTNV%2CHonorthetreaties%2CNativeLivesMatter%2CNativesforBernie%2CNotYourMascot%2CMMIW%2CAppropriation%2Cidlenomore%2Cnlm%2Cnativelivesmatter%2Cblm%2Cblacklivesmatter%2Cnotyourmascot%2Cnotamascot%2Cnotacostume%2Ceonm%2Csaveoakflat%2Cprotectoakflat%2Cdearnonnatives%2Cchangethemascot%2Cchangethename%2Cturtleisland%2Cindigenous%2CNative%2CNDN%2CColonialism%2Cdecolonize%2Cindigenize%2Cdine%2CIndianCountry%2Cihs%2Cindianhealthservices%2Cgreatplains%2Cnativehealth%2Cflyingwhilebrown%2Cfreeleonardpeltier%2Cdrivingwhilebrown%2Cnohonor%2Cnohonorinracism%2Cnativeyouth%2Cnativevote%2Capachestronghold'
INFO:Starting new HTTPS connection (1): stream.twitter.com
DEBUG:"POST /1.1/statuses/filter.json?delimited=length HTTP/1.1" 200 None
