INFO:2016-02-10 18:34:11	[Errno 17] File exists: '/local/share/ic_twitter/scripts/collect/logs/2016-02-10'
DEBUG:2016-02-10 18:34:11	Set up logs successfully
DEBUG:2016-02-10 18:34:11	Set up config file successfully
DEBUG:2016-02-10 18:34:11	Set up PID file successfully
DEBUG:2016-02-10 18:34:11	Twitter stream set up and authorized
DEBUG:Signing request <PreparedRequest [POST]> using client <Client nonce=None, signature_method=HMAC-SHA1, realm=None, encoding=utf-8, timestamp=None, resource_owner_secret=****, decoding=None, verifier=None, signature_type=AUTH_HEADER, rsa_key=None, resource_owner_key=2288788914-e8aiX9sZFnwQ2O58ejRFJ4quucgecU0e8tsBTXr, client_secret=****, callback_uri=None, client_key=g1MXaI1EsGe06hf5MEWkzEp1Y>
DEBUG:Including body in call to sign: True
DEBUG:Collected params: [(u'delimited', u'length'), (u'oauth_nonce', u'173869343784205805741455158051'), (u'oauth_timestamp', u'1455158051'), (u'oauth_consumer_key', u'g1MXaI1EsGe06hf5MEWkzEp1Y'), (u'oauth_signature_method', u'HMAC-SHA1'), (u'oauth_version', u'1.0'), (u'oauth_token', u'2288788914-e8aiX9sZFnwQ2O58ejRFJ4quucgecU0e8tsBTXr'), (u'follow', u'28358250,233793831,37288865,16708905,67369729,14336609,64484397,56484843,46715437,17482476,2286189025,228019505,1104780144,15821569,110189578,1707520656,61226587,2728440998,494612269,2852383261,39342519,54903378,859062296,15142242,113775251,992344225,401864372,65647228')]
DEBUG:Normalized params: delimited=length&follow=28358250%2C233793831%2C37288865%2C16708905%2C67369729%2C14336609%2C64484397%2C56484843%2C46715437%2C17482476%2C2286189025%2C228019505%2C1104780144%2C15821569%2C110189578%2C1707520656%2C61226587%2C2728440998%2C494612269%2C2852383261%2C39342519%2C54903378%2C859062296%2C15142242%2C113775251%2C992344225%2C401864372%2C65647228&oauth_consumer_key=g1MXaI1EsGe06hf5MEWkzEp1Y&oauth_nonce=173869343784205805741455158051&oauth_signature_method=HMAC-SHA1&oauth_timestamp=1455158051&oauth_token=2288788914-e8aiX9sZFnwQ2O58ejRFJ4quucgecU0e8tsBTXr&oauth_version=1.0
DEBUG:Normalized URI: https://stream.twitter.com/1.1/statuses/filter.json
DEBUG:Base signing string: POST&https%3A%2F%2Fstream.twitter.com%2F1.1%2Fstatuses%2Ffilter.json&delimited%3Dlength%26follow%3D28358250%252C233793831%252C37288865%252C16708905%252C67369729%252C14336609%252C64484397%252C56484843%252C46715437%252C17482476%252C2286189025%252C228019505%252C1104780144%252C15821569%252C110189578%252C1707520656%252C61226587%252C2728440998%252C494612269%252C2852383261%252C39342519%252C54903378%252C859062296%252C15142242%252C113775251%252C992344225%252C401864372%252C65647228%26oauth_consumer_key%3Dg1MXaI1EsGe06hf5MEWkzEp1Y%26oauth_nonce%3D173869343784205805741455158051%26oauth_signature_method%3DHMAC-SHA1%26oauth_timestamp%3D1455158051%26oauth_token%3D2288788914-e8aiX9sZFnwQ2O58ejRFJ4quucgecU0e8tsBTXr%26oauth_version%3D1.0
DEBUG:Signature: jI4nfl+E78FtEHlU0bbaTNhCRCE=
DEBUG:Updated url: https://stream.twitter.com/1.1/statuses/filter.json?delimited=length
DEBUG:Updated headers: {u'Content-Length': u'330', u'Content-Type': u'application/x-www-form-urlencoded', u'Authorization': u'OAuth oauth_nonce="173869343784205805741455158051", oauth_timestamp="1455158051", oauth_version="1.0", oauth_signature_method="HMAC-SHA1", oauth_consumer_key="g1MXaI1EsGe06hf5MEWkzEp1Y", oauth_token="2288788914-e8aiX9sZFnwQ2O58ejRFJ4quucgecU0e8tsBTXr", oauth_signature="jI4nfl%2BE78FtEHlU0bbaTNhCRCE%3D"'}
DEBUG:Updated body: u'follow=28358250%2C233793831%2C37288865%2C16708905%2C67369729%2C14336609%2C64484397%2C56484843%2C46715437%2C17482476%2C2286189025%2C228019505%2C1104780144%2C15821569%2C110189578%2C1707520656%2C61226587%2C2728440998%2C494612269%2C2852383261%2C39342519%2C54903378%2C859062296%2C15142242%2C113775251%2C992344225%2C401864372%2C65647228'
INFO:Starting new HTTPS connection (1): stream.twitter.com
DEBUG:"POST /1.1/statuses/filter.json?delimited=length HTTP/1.1" 200 None
INFO:2016-02-10 18:36:51	[Errno 17] File exists: '/local/share/ic_twitter/scripts/collect/logs/2016-02-10'
DEBUG:2016-02-10 18:36:51	Set up logs successfully
DEBUG:2016-02-10 18:36:51	Set up config file successfully
DEBUG:2016-02-10 18:36:51	Set up PID file successfully
DEBUG:2016-02-10 18:36:51	Twitter stream set up and authorized
DEBUG:Signing request <PreparedRequest [POST]> using client <Client nonce=None, signature_method=HMAC-SHA1, realm=None, encoding=utf-8, timestamp=None, resource_owner_secret=****, decoding=None, verifier=None, signature_type=AUTH_HEADER, rsa_key=None, resource_owner_key=2288788914-e8aiX9sZFnwQ2O58ejRFJ4quucgecU0e8tsBTXr, client_secret=****, callback_uri=None, client_key=g1MXaI1EsGe06hf5MEWkzEp1Y>
DEBUG:Including body in call to sign: True
DEBUG:Collected params: [(u'delimited', u'length'), (u'oauth_nonce', u'25978799215053872231455158211'), (u'oauth_timestamp', u'1455158211'), (u'oauth_consumer_key', u'g1MXaI1EsGe06hf5MEWkzEp1Y'), (u'oauth_signature_method', u'HMAC-SHA1'), (u'oauth_version', u'1.0'), (u'oauth_token', u'2288788914-e8aiX9sZFnwQ2O58ejRFJ4quucgecU0e8tsBTXr'), (u'follow', u'28358250,233793831,37288865,16708905,67369729,14336609,64484397,56484843,46715437,17482476,2286189025,228019505,1104780144,15821569,110189578,1707520656,61226587,2728440998,494612269,2852383261,39342519,54903378,859062296,15142242,113775251,992344225,401864372,65647228')]
DEBUG:Normalized params: delimited=length&follow=28358250%2C233793831%2C37288865%2C16708905%2C67369729%2C14336609%2C64484397%2C56484843%2C46715437%2C17482476%2C2286189025%2C228019505%2C1104780144%2C15821569%2C110189578%2C1707520656%2C61226587%2C2728440998%2C494612269%2C2852383261%2C39342519%2C54903378%2C859062296%2C15142242%2C113775251%2C992344225%2C401864372%2C65647228&oauth_consumer_key=g1MXaI1EsGe06hf5MEWkzEp1Y&oauth_nonce=25978799215053872231455158211&oauth_signature_method=HMAC-SHA1&oauth_timestamp=1455158211&oauth_token=2288788914-e8aiX9sZFnwQ2O58ejRFJ4quucgecU0e8tsBTXr&oauth_version=1.0
DEBUG:Normalized URI: https://stream.twitter.com/1.1/statuses/filter.json
DEBUG:Base signing string: POST&https%3A%2F%2Fstream.twitter.com%2F1.1%2Fstatuses%2Ffilter.json&delimited%3Dlength%26follow%3D28358250%252C233793831%252C37288865%252C16708905%252C67369729%252C14336609%252C64484397%252C56484843%252C46715437%252C17482476%252C2286189025%252C228019505%252C1104780144%252C15821569%252C110189578%252C1707520656%252C61226587%252C2728440998%252C494612269%252C2852383261%252C39342519%252C54903378%252C859062296%252C15142242%252C113775251%252C992344225%252C401864372%252C65647228%26oauth_consumer_key%3Dg1MXaI1EsGe06hf5MEWkzEp1Y%26oauth_nonce%3D25978799215053872231455158211%26oauth_signature_method%3DHMAC-SHA1%26oauth_timestamp%3D1455158211%26oauth_token%3D2288788914-e8aiX9sZFnwQ2O58ejRFJ4quucgecU0e8tsBTXr%26oauth_version%3D1.0
DEBUG:Signature: ixmMMAKAWCUnn0j9PcxwRwpAfTw=
DEBUG:Updated url: https://stream.twitter.com/1.1/statuses/filter.json?delimited=length
DEBUG:Updated headers: {u'Content-Length': u'330', u'Content-Type': u'application/x-www-form-urlencoded', u'Authorization': u'OAuth oauth_nonce="25978799215053872231455158211", oauth_timestamp="1455158211", oauth_version="1.0", oauth_signature_method="HMAC-SHA1", oauth_consumer_key="g1MXaI1EsGe06hf5MEWkzEp1Y", oauth_token="2288788914-e8aiX9sZFnwQ2O58ejRFJ4quucgecU0e8tsBTXr", oauth_signature="ixmMMAKAWCUnn0j9PcxwRwpAfTw%3D"'}
DEBUG:Updated body: u'follow=28358250%2C233793831%2C37288865%2C16708905%2C67369729%2C14336609%2C64484397%2C56484843%2C46715437%2C17482476%2C2286189025%2C228019505%2C1104780144%2C15821569%2C110189578%2C1707520656%2C61226587%2C2728440998%2C494612269%2C2852383261%2C39342519%2C54903378%2C859062296%2C15142242%2C113775251%2C992344225%2C401864372%2C65647228'
INFO:Starting new HTTPS connection (1): stream.twitter.com
DEBUG:"POST /1.1/statuses/filter.json?delimited=length HTTP/1.1" 200 None
INFO:2016-02-10 18:52:14	[Errno 17] File exists: '/local/share/ic_twitter/scripts/collect/logs/2016-02-10'
DEBUG:2016-02-10 18:52:14	Set up logs successfully
DEBUG:2016-02-10 18:52:14	Set up config file successfully
DEBUG:2016-02-10 18:52:14	Set up PID file successfully
DEBUG:2016-02-10 18:52:14	Twitter stream set up and authorized
DEBUG:Signing request <PreparedRequest [POST]> using client <Client nonce=None, signature_method=HMAC-SHA1, realm=None, encoding=utf-8, timestamp=None, resource_owner_secret=****, decoding=None, verifier=None, signature_type=AUTH_HEADER, rsa_key=None, resource_owner_key=2288788914-e8aiX9sZFnwQ2O58ejRFJ4quucgecU0e8tsBTXr, client_secret=****, callback_uri=None, client_key=g1MXaI1EsGe06hf5MEWkzEp1Y>
DEBUG:Including body in call to sign: True
DEBUG:Collected params: [(u'delimited', u'length'), (u'oauth_nonce', u'20003233380821127521455159134'), (u'oauth_timestamp', u'1455159134'), (u'oauth_consumer_key', u'g1MXaI1EsGe06hf5MEWkzEp1Y'), (u'oauth_signature_method', u'HMAC-SHA1'), (u'oauth_version', u'1.0'), (u'oauth_token', u'2288788914-e8aiX9sZFnwQ2O58ejRFJ4quucgecU0e8tsBTXr'), (u'follow', u'28358250,233793831,37288865,16708905,67369729,14336609,64484397,56484843,46715437,17482476,2286189025,228019505,1104780144,15821569,110189578,1707520656,61226587,2728440998,494612269,2852383261,39342519,54903378,859062296,15142242,113775251,992344225,401864372,65647228')]
DEBUG:Normalized params: delimited=length&follow=28358250%2C233793831%2C37288865%2C16708905%2C67369729%2C14336609%2C64484397%2C56484843%2C46715437%2C17482476%2C2286189025%2C228019505%2C1104780144%2C15821569%2C110189578%2C1707520656%2C61226587%2C2728440998%2C494612269%2C2852383261%2C39342519%2C54903378%2C859062296%2C15142242%2C113775251%2C992344225%2C401864372%2C65647228&oauth_consumer_key=g1MXaI1EsGe06hf5MEWkzEp1Y&oauth_nonce=20003233380821127521455159134&oauth_signature_method=HMAC-SHA1&oauth_timestamp=1455159134&oauth_token=2288788914-e8aiX9sZFnwQ2O58ejRFJ4quucgecU0e8tsBTXr&oauth_version=1.0
DEBUG:Normalized URI: https://stream.twitter.com/1.1/statuses/filter.json
DEBUG:Base signing string: POST&https%3A%2F%2Fstream.twitter.com%2F1.1%2Fstatuses%2Ffilter.json&delimited%3Dlength%26follow%3D28358250%252C233793831%252C37288865%252C16708905%252C67369729%252C14336609%252C64484397%252C56484843%252C46715437%252C17482476%252C2286189025%252C228019505%252C1104780144%252C15821569%252C110189578%252C1707520656%252C61226587%252C2728440998%252C494612269%252C2852383261%252C39342519%252C54903378%252C859062296%252C15142242%252C113775251%252C992344225%252C401864372%252C65647228%26oauth_consumer_key%3Dg1MXaI1EsGe06hf5MEWkzEp1Y%26oauth_nonce%3D20003233380821127521455159134%26oauth_signature_method%3DHMAC-SHA1%26oauth_timestamp%3D1455159134%26oauth_token%3D2288788914-e8aiX9sZFnwQ2O58ejRFJ4quucgecU0e8tsBTXr%26oauth_version%3D1.0
DEBUG:Signature: ZY4ceigRfD35t/q0bduJ8/xVW1c=
DEBUG:Updated url: https://stream.twitter.com/1.1/statuses/filter.json?delimited=length
DEBUG:Updated headers: {u'Content-Length': u'330', u'Content-Type': u'application/x-www-form-urlencoded', u'Authorization': u'OAuth oauth_nonce="20003233380821127521455159134", oauth_timestamp="1455159134", oauth_version="1.0", oauth_signature_method="HMAC-SHA1", oauth_consumer_key="g1MXaI1EsGe06hf5MEWkzEp1Y", oauth_token="2288788914-e8aiX9sZFnwQ2O58ejRFJ4quucgecU0e8tsBTXr", oauth_signature="ZY4ceigRfD35t%2Fq0bduJ8%2FxVW1c%3D"'}
DEBUG:Updated body: u'follow=28358250%2C233793831%2C37288865%2C16708905%2C67369729%2C14336609%2C64484397%2C56484843%2C46715437%2C17482476%2C2286189025%2C228019505%2C1104780144%2C15821569%2C110189578%2C1707520656%2C61226587%2C2728440998%2C494612269%2C2852383261%2C39342519%2C54903378%2C859062296%2C15142242%2C113775251%2C992344225%2C401864372%2C65647228'
INFO:Starting new HTTPS connection (1): stream.twitter.com
DEBUG:"POST /1.1/statuses/filter.json?delimited=length HTTP/1.1" 200 None
INFO:2016-02-10 19:14:08	[Errno 17] File exists: '/local/share/ic_twitter/scripts/collect/logs/2016-02-10'
DEBUG:2016-02-10 19:14:08	Set up logs successfully
DEBUG:2016-02-10 19:14:08	Set up config file successfully
DEBUG:2016-02-10 19:14:08	Set up PID file successfully
DEBUG:2016-02-10 19:14:08	Twitter stream set up and authorized
DEBUG:Signing request <PreparedRequest [POST]> using client <Client nonce=None, signature_method=HMAC-SHA1, realm=None, encoding=utf-8, timestamp=None, resource_owner_secret=****, decoding=None, verifier=None, signature_type=AUTH_HEADER, rsa_key=None, resource_owner_key=2288788914-e8aiX9sZFnwQ2O58ejRFJ4quucgecU0e8tsBTXr, client_secret=****, callback_uri=None, client_key=g1MXaI1EsGe06hf5MEWkzEp1Y>
DEBUG:Including body in call to sign: True
DEBUG:Collected params: [(u'delimited', u'length'), (u'oauth_nonce', u'182218658931574740841455160448'), (u'oauth_timestamp', u'1455160448'), (u'oauth_consumer_key', u'g1MXaI1EsGe06hf5MEWkzEp1Y'), (u'oauth_signature_method', u'HMAC-SHA1'), (u'oauth_version', u'1.0'), (u'oauth_token', u'2288788914-e8aiX9sZFnwQ2O58ejRFJ4quucgecU0e8tsBTXr'), (u'follow', u'28358250,233793831,37288865,16708905,67369729,14336609,64484397,56484843,46715437,17482476,2286189025,228019505,1104780144,15821569,110189578,1707520656,61226587,2728440998,494612269,2852383261,39342519,54903378,859062296,15142242,113775251,992344225,401864372,65647228')]
DEBUG:Normalized params: delimited=length&follow=28358250%2C233793831%2C37288865%2C16708905%2C67369729%2C14336609%2C64484397%2C56484843%2C46715437%2C17482476%2C2286189025%2C228019505%2C1104780144%2C15821569%2C110189578%2C1707520656%2C61226587%2C2728440998%2C494612269%2C2852383261%2C39342519%2C54903378%2C859062296%2C15142242%2C113775251%2C992344225%2C401864372%2C65647228&oauth_consumer_key=g1MXaI1EsGe06hf5MEWkzEp1Y&oauth_nonce=182218658931574740841455160448&oauth_signature_method=HMAC-SHA1&oauth_timestamp=1455160448&oauth_token=2288788914-e8aiX9sZFnwQ2O58ejRFJ4quucgecU0e8tsBTXr&oauth_version=1.0
DEBUG:Normalized URI: https://stream.twitter.com/1.1/statuses/filter.json
DEBUG:Base signing string: POST&https%3A%2F%2Fstream.twitter.com%2F1.1%2Fstatuses%2Ffilter.json&delimited%3Dlength%26follow%3D28358250%252C233793831%252C37288865%252C16708905%252C67369729%252C14336609%252C64484397%252C56484843%252C46715437%252C17482476%252C2286189025%252C228019505%252C1104780144%252C15821569%252C110189578%252C1707520656%252C61226587%252C2728440998%252C494612269%252C2852383261%252C39342519%252C54903378%252C859062296%252C15142242%252C113775251%252C992344225%252C401864372%252C65647228%26oauth_consumer_key%3Dg1MXaI1EsGe06hf5MEWkzEp1Y%26oauth_nonce%3D182218658931574740841455160448%26oauth_signature_method%3DHMAC-SHA1%26oauth_timestamp%3D1455160448%26oauth_token%3D2288788914-e8aiX9sZFnwQ2O58ejRFJ4quucgecU0e8tsBTXr%26oauth_version%3D1.0
DEBUG:Signature: BllcJU1SJviWm5v5VSVCjQK5RGs=
DEBUG:Updated url: https://stream.twitter.com/1.1/statuses/filter.json?delimited=length
DEBUG:Updated headers: {u'Content-Length': u'330', u'Content-Type': u'application/x-www-form-urlencoded', u'Authorization': u'OAuth oauth_nonce="182218658931574740841455160448", oauth_timestamp="1455160448", oauth_version="1.0", oauth_signature_method="HMAC-SHA1", oauth_consumer_key="g1MXaI1EsGe06hf5MEWkzEp1Y", oauth_token="2288788914-e8aiX9sZFnwQ2O58ejRFJ4quucgecU0e8tsBTXr", oauth_signature="BllcJU1SJviWm5v5VSVCjQK5RGs%3D"'}
DEBUG:Updated body: u'follow=28358250%2C233793831%2C37288865%2C16708905%2C67369729%2C14336609%2C64484397%2C56484843%2C46715437%2C17482476%2C2286189025%2C228019505%2C1104780144%2C15821569%2C110189578%2C1707520656%2C61226587%2C2728440998%2C494612269%2C2852383261%2C39342519%2C54903378%2C859062296%2C15142242%2C113775251%2C992344225%2C401864372%2C65647228'
INFO:Starting new HTTPS connection (1): stream.twitter.com
DEBUG:"POST /1.1/statuses/filter.json?delimited=length HTTP/1.1" 200 None
INFO:2016-02-10 19:14:38	[Errno 17] File exists: '/local/share/ic_twitter/scripts/collect/logs/2016-02-10'
DEBUG:2016-02-10 19:14:38	Set up logs successfully
DEBUG:2016-02-10 19:14:38	Set up config file successfully
DEBUG:2016-02-10 19:14:38	Set up PID file successfully
DEBUG:2016-02-10 19:14:38	Twitter stream set up and authorized
DEBUG:Signing request <PreparedRequest [POST]> using client <Client nonce=None, signature_method=HMAC-SHA1, realm=None, encoding=utf-8, timestamp=None, resource_owner_secret=****, decoding=None, verifier=None, signature_type=AUTH_HEADER, rsa_key=None, resource_owner_key=2288788914-e8aiX9sZFnwQ2O58ejRFJ4quucgecU0e8tsBTXr, client_secret=****, callback_uri=None, client_key=g1MXaI1EsGe06hf5MEWkzEp1Y>
DEBUG:Including body in call to sign: True
DEBUG:Collected params: [(u'delimited', u'length'), (u'oauth_nonce', u'44096868165625458301455160478'), (u'oauth_timestamp', u'1455160478'), (u'oauth_consumer_key', u'g1MXaI1EsGe06hf5MEWkzEp1Y'), (u'oauth_signature_method', u'HMAC-SHA1'), (u'oauth_version', u'1.0'), (u'oauth_token', u'2288788914-e8aiX9sZFnwQ2O58ejRFJ4quucgecU0e8tsBTXr'), (u'follow', u'28358250,233793831,37288865,16708905,67369729,14336609,64484397,56484843,46715437,17482476,2286189025,228019505,1104780144,15821569,110189578,1707520656,61226587,2728440998,494612269,2852383261,39342519,54903378,859062296,15142242,113775251,992344225,401864372,65647228')]
DEBUG:Normalized params: delimited=length&follow=28358250%2C233793831%2C37288865%2C16708905%2C67369729%2C14336609%2C64484397%2C56484843%2C46715437%2C17482476%2C2286189025%2C228019505%2C1104780144%2C15821569%2C110189578%2C1707520656%2C61226587%2C2728440998%2C494612269%2C2852383261%2C39342519%2C54903378%2C859062296%2C15142242%2C113775251%2C992344225%2C401864372%2C65647228&oauth_consumer_key=g1MXaI1EsGe06hf5MEWkzEp1Y&oauth_nonce=44096868165625458301455160478&oauth_signature_method=HMAC-SHA1&oauth_timestamp=1455160478&oauth_token=2288788914-e8aiX9sZFnwQ2O58ejRFJ4quucgecU0e8tsBTXr&oauth_version=1.0
DEBUG:Normalized URI: https://stream.twitter.com/1.1/statuses/filter.json
DEBUG:Base signing string: POST&https%3A%2F%2Fstream.twitter.com%2F1.1%2Fstatuses%2Ffilter.json&delimited%3Dlength%26follow%3D28358250%252C233793831%252C37288865%252C16708905%252C67369729%252C14336609%252C64484397%252C56484843%252C46715437%252C17482476%252C2286189025%252C228019505%252C1104780144%252C15821569%252C110189578%252C1707520656%252C61226587%252C2728440998%252C494612269%252C2852383261%252C39342519%252C54903378%252C859062296%252C15142242%252C113775251%252C992344225%252C401864372%252C65647228%26oauth_consumer_key%3Dg1MXaI1EsGe06hf5MEWkzEp1Y%26oauth_nonce%3D44096868165625458301455160478%26oauth_signature_method%3DHMAC-SHA1%26oauth_timestamp%3D1455160478%26oauth_token%3D2288788914-e8aiX9sZFnwQ2O58ejRFJ4quucgecU0e8tsBTXr%26oauth_version%3D1.0
DEBUG:Signature: RIt11vsWfhcNyzoFRapxgL7+K00=
DEBUG:Updated url: https://stream.twitter.com/1.1/statuses/filter.json?delimited=length
DEBUG:Updated headers: {u'Content-Length': u'330', u'Content-Type': u'application/x-www-form-urlencoded', u'Authorization': u'OAuth oauth_nonce="44096868165625458301455160478", oauth_timestamp="1455160478", oauth_version="1.0", oauth_signature_method="HMAC-SHA1", oauth_consumer_key="g1MXaI1EsGe06hf5MEWkzEp1Y", oauth_token="2288788914-e8aiX9sZFnwQ2O58ejRFJ4quucgecU0e8tsBTXr", oauth_signature="RIt11vsWfhcNyzoFRapxgL7%2BK00%3D"'}
DEBUG:Updated body: u'follow=28358250%2C233793831%2C37288865%2C16708905%2C67369729%2C14336609%2C64484397%2C56484843%2C46715437%2C17482476%2C2286189025%2C228019505%2C1104780144%2C15821569%2C110189578%2C1707520656%2C61226587%2C2728440998%2C494612269%2C2852383261%2C39342519%2C54903378%2C859062296%2C15142242%2C113775251%2C992344225%2C401864372%2C65647228'
INFO:Starting new HTTPS connection (1): stream.twitter.com
DEBUG:"POST /1.1/statuses/filter.json?delimited=length HTTP/1.1" 200 None
INFO:2016-02-10 19:30:05	[Errno 17] File exists: '/local/share/ic_twitter/scripts/collect/logs/2016-02-10'
DEBUG:2016-02-10 19:30:05	Set up logs successfully
DEBUG:2016-02-10 19:30:05	Set up config file successfully
DEBUG:2016-02-10 19:30:05	Set up PID file successfully
DEBUG:2016-02-10 19:30:05	Twitter stream set up and authorized
DEBUG:Signing request <PreparedRequest [POST]> using client <Client nonce=None, signature_method=HMAC-SHA1, realm=None, encoding=utf-8, timestamp=None, resource_owner_secret=****, decoding=None, verifier=None, signature_type=AUTH_HEADER, rsa_key=None, resource_owner_key=2288788914-e8aiX9sZFnwQ2O58ejRFJ4quucgecU0e8tsBTXr, client_secret=****, callback_uri=None, client_key=g1MXaI1EsGe06hf5MEWkzEp1Y>
DEBUG:Including body in call to sign: True
DEBUG:Collected params: [(u'delimited', u'length'), (u'oauth_nonce', u'147621435141355497751455161405'), (u'oauth_timestamp', u'1455161405'), (u'oauth_consumer_key', u'g1MXaI1EsGe06hf5MEWkzEp1Y'), (u'oauth_signature_method', u'HMAC-SHA1'), (u'oauth_version', u'1.0'), (u'oauth_token', u'2288788914-e8aiX9sZFnwQ2O58ejRFJ4quucgecU0e8tsBTXr'), (u'follow', u'28358250,233793831,37288865,16708905,67369729,14336609,64484397,56484843,46715437,17482476,2286189025,228019505,1104780144,15821569,110189578,1707520656,61226587,2728440998,494612269,2852383261,39342519,54903378,859062296,15142242,113775251,992344225,401864372,65647228')]
DEBUG:Normalized params: delimited=length&follow=28358250%2C233793831%2C37288865%2C16708905%2C67369729%2C14336609%2C64484397%2C56484843%2C46715437%2C17482476%2C2286189025%2C228019505%2C1104780144%2C15821569%2C110189578%2C1707520656%2C61226587%2C2728440998%2C494612269%2C2852383261%2C39342519%2C54903378%2C859062296%2C15142242%2C113775251%2C992344225%2C401864372%2C65647228&oauth_consumer_key=g1MXaI1EsGe06hf5MEWkzEp1Y&oauth_nonce=147621435141355497751455161405&oauth_signature_method=HMAC-SHA1&oauth_timestamp=1455161405&oauth_token=2288788914-e8aiX9sZFnwQ2O58ejRFJ4quucgecU0e8tsBTXr&oauth_version=1.0
DEBUG:Normalized URI: https://stream.twitter.com/1.1/statuses/filter.json
DEBUG:Base signing string: POST&https%3A%2F%2Fstream.twitter.com%2F1.1%2Fstatuses%2Ffilter.json&delimited%3Dlength%26follow%3D28358250%252C233793831%252C37288865%252C16708905%252C67369729%252C14336609%252C64484397%252C56484843%252C46715437%252C17482476%252C2286189025%252C228019505%252C1104780144%252C15821569%252C110189578%252C1707520656%252C61226587%252C2728440998%252C494612269%252C2852383261%252C39342519%252C54903378%252C859062296%252C15142242%252C113775251%252C992344225%252C401864372%252C65647228%26oauth_consumer_key%3Dg1MXaI1EsGe06hf5MEWkzEp1Y%26oauth_nonce%3D147621435141355497751455161405%26oauth_signature_method%3DHMAC-SHA1%26oauth_timestamp%3D1455161405%26oauth_token%3D2288788914-e8aiX9sZFnwQ2O58ejRFJ4quucgecU0e8tsBTXr%26oauth_version%3D1.0
DEBUG:Signature: Kirz1rY/uWzmd18j8hdgS81K4mQ=
DEBUG:Updated url: https://stream.twitter.com/1.1/statuses/filter.json?delimited=length
DEBUG:Updated headers: {u'Content-Length': u'330', u'Content-Type': u'application/x-www-form-urlencoded', u'Authorization': u'OAuth oauth_nonce="147621435141355497751455161405", oauth_timestamp="1455161405", oauth_version="1.0", oauth_signature_method="HMAC-SHA1", oauth_consumer_key="g1MXaI1EsGe06hf5MEWkzEp1Y", oauth_token="2288788914-e8aiX9sZFnwQ2O58ejRFJ4quucgecU0e8tsBTXr", oauth_signature="Kirz1rY%2FuWzmd18j8hdgS81K4mQ%3D"'}
DEBUG:Updated body: u'follow=28358250%2C233793831%2C37288865%2C16708905%2C67369729%2C14336609%2C64484397%2C56484843%2C46715437%2C17482476%2C2286189025%2C228019505%2C1104780144%2C15821569%2C110189578%2C1707520656%2C61226587%2C2728440998%2C494612269%2C2852383261%2C39342519%2C54903378%2C859062296%2C15142242%2C113775251%2C992344225%2C401864372%2C65647228'
INFO:Starting new HTTPS connection (1): stream.twitter.com
DEBUG:"POST /1.1/statuses/filter.json?delimited=length HTTP/1.1" 200 None
